{"F:\\Codes\\TS_Vscode\\NodeJS\\src\\config.ts": {"path":"F:\\Codes\\TS_Vscode\\NodeJS\\src\\config.ts","statementMap":{"0":{"start":{"line":1,"column":13},"end":{"line":1,"column":70}},"1":{"start":{"line":3,"column":13},"end":{"line":3,"column":60}}},"fnMap":{},"branchMap":{},"s":{"0":2,"1":2},"f":{},"b":{}}
,"F:\\Codes\\TS_Vscode\\NodeJS\\src\\helpers.ts": {"path":"F:\\Codes\\TS_Vscode\\NodeJS\\src\\helpers.ts","statementMap":{"0":{"start":{"line":1,"column":0},"end":{"line":1,"column":47}},"1":{"start":{"line":4,"column":31},"end":{"line":6,"column":1}},"2":{"start":{"line":5,"column":2},"end":{"line":5,"column":47}},"3":{"start":{"line":4,"column":13},"end":{"line":4,"column":31}},"4":{"start":{"line":8,"column":28},"end":{"line":10,"column":1}},"5":{"start":{"line":9,"column":2},"end":{"line":9,"column":43}},"6":{"start":{"line":8,"column":13},"end":{"line":8,"column":28}},"7":{"start":{"line":12,"column":29},"end":{"line":22,"column":1}},"8":{"start":{"line":13,"column":2},"end":{"line":15,"column":3}},"9":{"start":{"line":14,"column":4},"end":{"line":14,"column":79}},"10":{"start":{"line":17,"column":2},"end":{"line":19,"column":3}},"11":{"start":{"line":18,"column":4},"end":{"line":18,"column":72}},"12":{"start":{"line":21,"column":2},"end":{"line":21,"column":14}},"13":{"start":{"line":12,"column":13},"end":{"line":12,"column":29}},"14":{"start":{"line":24,"column":36},"end":{"line":30,"column":1}},"15":{"start":{"line":25,"column":2},"end":{"line":29,"column":4}},"16":{"start":{"line":24,"column":13},"end":{"line":24,"column":36}}},"fnMap":{"0":{"name":"(anonymous_0)","decl":{"start":{"line":4,"column":31},"end":{"line":4,"column":32}},"loc":{"start":{"line":4,"column":51},"end":{"line":6,"column":1}}},"1":{"name":"(anonymous_1)","decl":{"start":{"line":8,"column":28},"end":{"line":8,"column":29}},"loc":{"start":{"line":8,"column":45},"end":{"line":10,"column":1}}},"2":{"name":"(anonymous_2)","decl":{"start":{"line":12,"column":29},"end":{"line":12,"column":30}},"loc":{"start":{"line":12,"column":88},"end":{"line":22,"column":1}}},"3":{"name":"(anonymous_3)","decl":{"start":{"line":24,"column":36},"end":{"line":24,"column":37}},"loc":{"start":{"line":24,"column":83},"end":{"line":30,"column":1}}}},"branchMap":{"0":{"loc":{"start":{"line":13,"column":2},"end":{"line":15,"column":3}},"type":"if","locations":[{"start":{"line":13,"column":2},"end":{"line":15,"column":3}}]},"1":{"loc":{"start":{"line":13,"column":6},"end":{"line":13,"column":42}},"type":"binary-expr","locations":[{"start":{"line":13,"column":6},"end":{"line":13,"column":13}},{"start":{"line":13,"column":17},"end":{"line":13,"column":42}}]},"2":{"loc":{"start":{"line":17,"column":2},"end":{"line":19,"column":3}},"type":"if","locations":[{"start":{"line":17,"column":2},"end":{"line":19,"column":3}}]},"3":{"loc":{"start":{"line":17,"column":6},"end":{"line":17,"column":33}},"type":"binary-expr","locations":[{"start":{"line":17,"column":6},"end":{"line":17,"column":10}},{"start":{"line":17,"column":14},"end":{"line":17,"column":33}}]}},"s":{"0":2,"1":2,"2":17,"3":2,"4":2,"5":8,"6":2,"7":2,"8":15,"9":5,"10":10,"11":3,"12":7,"13":2,"14":2,"15":5,"16":2},"f":{"0":17,"1":8,"2":15,"3":5},"b":{"0":[5],"1":[15,15],"2":[3],"3":[10,6]}}
,"F:\\Codes\\TS_Vscode\\NodeJS\\src\\services\\public-holidays.service.ts": {"path":"F:\\Codes\\TS_Vscode\\NodeJS\\src\\services\\public-holidays.service.ts","statementMap":{"0":{"start":{"line":1,"column":0},"end":{"line":1,"column":26}},"1":{"start":{"line":2,"column":0},"end":{"line":2,"column":52}},"2":{"start":{"line":3,"column":0},"end":{"line":3,"column":65}},"3":{"start":{"line":8,"column":39},"end":{"line":19,"column":2}},"4":{"start":{"line":8,"column":110},"end":{"line":19,"column":2}},"5":{"start":{"line":9,"column":2},"end":{"line":9,"column":35}},"6":{"start":{"line":11,"column":2},"end":{"line":18,"column":3}},"7":{"start":{"line":12,"column":37},"end":{"line":13,"column":null}},"8":{"start":{"line":15,"column":4},"end":{"line":15,"column":74}},"9":{"start":{"line":15,"column":43},"end":{"line":15,"column":72}},"10":{"start":{"line":17,"column":4},"end":{"line":17,"column":14}},"11":{"start":{"line":8,"column":13},"end":{"line":8,"column":39}},"12":{"start":{"line":21,"column":43},"end":{"line":30,"column":2}},"13":{"start":{"line":21,"column":69},"end":{"line":30,"column":2}},"14":{"start":{"line":22,"column":2},"end":{"line":22,"column":29}},"15":{"start":{"line":24,"column":2},"end":{"line":29,"column":3}},"16":{"start":{"line":25,"column":23},"end":{"line":25,"column":117}},"17":{"start":{"line":26,"column":4},"end":{"line":26,"column":26}},"18":{"start":{"line":28,"column":4},"end":{"line":28,"column":17}},"19":{"start":{"line":21,"column":13},"end":{"line":21,"column":43}},"20":{"start":{"line":32,"column":37},"end":{"line":43,"column":2}},"21":{"start":{"line":32,"column":94},"end":{"line":43,"column":2}},"22":{"start":{"line":33,"column":2},"end":{"line":33,"column":29}},"23":{"start":{"line":35,"column":2},"end":{"line":42,"column":3}},"24":{"start":{"line":36,"column":37},"end":{"line":37,"column":null}},"25":{"start":{"line":39,"column":4},"end":{"line":39,"column":74}},"26":{"start":{"line":39,"column":43},"end":{"line":39,"column":72}},"27":{"start":{"line":41,"column":4},"end":{"line":41,"column":14}},"28":{"start":{"line":32,"column":13},"end":{"line":32,"column":37}}},"fnMap":{"0":{"name":"(anonymous_8)","decl":{"start":{"line":8,"column":39},"end":{"line":8,"column":46}},"loc":{"start":{"line":8,"column":110},"end":{"line":19,"column":2}}},"1":{"name":"(anonymous_9)","decl":{"start":{"line":8,"column":110},"end":{"line":8,"column":null}},"loc":{"start":{"line":8,"column":110},"end":{"line":19,"column":1}}},"2":{"name":"(anonymous_10)","decl":{"start":{"line":15,"column":30},"end":{"line":15,"column":31}},"loc":{"start":{"line":15,"column":43},"end":{"line":15,"column":72}}},"3":{"name":"(anonymous_11)","decl":{"start":{"line":21,"column":43},"end":{"line":21,"column":50}},"loc":{"start":{"line":21,"column":69},"end":{"line":30,"column":2}}},"4":{"name":"(anonymous_12)","decl":{"start":{"line":21,"column":69},"end":{"line":21,"column":null}},"loc":{"start":{"line":21,"column":69},"end":{"line":30,"column":1}}},"5":{"name":"(anonymous_13)","decl":{"start":{"line":32,"column":37},"end":{"line":32,"column":44}},"loc":{"start":{"line":32,"column":94},"end":{"line":43,"column":2}}},"6":{"name":"(anonymous_14)","decl":{"start":{"line":32,"column":94},"end":{"line":32,"column":null}},"loc":{"start":{"line":32,"column":94},"end":{"line":43,"column":1}}},"7":{"name":"(anonymous_15)","decl":{"start":{"line":39,"column":30},"end":{"line":39,"column":31}},"loc":{"start":{"line":39,"column":43},"end":{"line":39,"column":72}}}},"branchMap":{},"s":{"0":1,"1":1,"2":1,"3":1,"4":6,"5":6,"6":2,"7":2,"8":2,"9":2,"10":0,"11":1,"12":1,"13":2,"14":2,"15":2,"16":2,"17":2,"18":0,"19":1,"20":1,"21":4,"22":4,"23":2,"24":2,"25":2,"26":2,"27":0,"28":1},"f":{"0":6,"1":6,"2":2,"3":2,"4":2,"5":4,"6":4,"7":2},"b":{}}
}
