TN:
SF:src\config.ts
FNF:0
FNH:0
DA:1,2
DA:3,2
LF:2
LH:2
BRF:0
BRH:0
end_of_record
TN:
SF:src\helpers.ts
FN:4,(anonymous_0)
FN:8,(anonymous_1)
FN:12,(anonymous_2)
FN:24,(anonymous_3)
FNF:4
FNH:4
FNDA:17,(anonymous_0)
FNDA:8,(anonymous_1)
FNDA:15,(anonymous_2)
FNDA:5,(anonymous_3)
DA:1,2
DA:4,2
DA:5,17
DA:8,2
DA:9,8
DA:12,2
DA:13,15
DA:14,5
DA:17,10
DA:18,3
DA:21,7
DA:24,2
DA:25,5
LF:13
LH:13
BRDA:13,0,0,5
BRDA:13,1,0,15
BRDA:13,1,1,15
BRDA:17,2,0,3
BRDA:17,3,0,10
BRDA:17,3,1,6
BRF:6
BRH:6
end_of_record
TN:
SF:src\services\public-holidays.service.ts
FN:8,(anonymous_8)
FN:8,(anonymous_9)
FN:15,(anonymous_10)
FN:21,(anonymous_11)
FN:21,(anonymous_12)
FN:32,(anonymous_13)
FN:32,(anonymous_14)
FN:39,(anonymous_15)
FNF:8
FNH:8
FNDA:6,(anonymous_8)
FNDA:6,(anonymous_9)
FNDA:2,(anonymous_10)
FNDA:2,(anonymous_11)
FNDA:2,(anonymous_12)
FNDA:4,(anonymous_13)
FNDA:4,(anonymous_14)
FNDA:2,(anonymous_15)
DA:1,1
DA:2,1
DA:3,1
DA:8,6
DA:9,6
DA:11,2
DA:12,2
DA:15,2
DA:17,0
DA:21,2
DA:22,2
DA:24,2
DA:25,2
DA:26,2
DA:28,0
DA:32,4
DA:33,4
DA:35,2
DA:36,2
DA:39,2
DA:41,0
LF:21
LH:18
BRF:0
BRH:0
end_of_record
